{
  "RSpec": {
    "coverage": {
      "/Users/erik/project/dpressed/app/helpers/application_helper.rb": [
        1,
        null
      ],
      "/Users/erik/project/dpressed/app/models/article.rb": [
        1,
        1,
        null
      ],
      "/Users/erik/project/dpressed/app/models/application_record.rb": [
        1,
        1,
        null
      ],
      "/Users/erik/project/dpressed/app/mailers/application_mailer.rb": [
        0,
        0,
        0,
        0
      ],
      "/Users/erik/project/dpressed/app/jobs/application_job.rb": [
        0,
        0
      ],
      "/Users/erik/project/dpressed/app/controllers/application_controller.rb": [
        0,
        0
      ],
      "/Users/erik/project/dpressed/app/controllers/articles_controller.rb": [
        0,
        0,
        0,
        0,
        null,
        0,
        0,
        0,
        null,
        0,
        0,
        0,
        null,
        0,
        0,
        0,
        0,
        0,
        0,
        0,
        0,
        0,
        0,
        0,
        0,
        0,
        0
      ],
      "/Users/erik/project/dpressed/app/channels/application_cable/connection.rb": [
        0,
        0,
        0,
        0
      ],
      "/Users/erik/project/dpressed/app/channels/application_cable/channel.rb": [
        0,
        0,
        0,
        0
      ]
    },
    "timestamp": 1534428375
  },
  "Cucumber Features": {
    "coverage": {
      "/Users/erik/project/dpressed/app/controllers/articles_controller.rb": [
        1,
        1,
        4,
        null,
        null,
        1,
        1,
        null,
        null,
        1,
        3,
        null,
        null,
        1,
        3,
        3,
        1,
        null,
        2,
        2,
        null,
        null,
        1,
        1,
        3,
        null,
        null
      ],
      "/Users/erik/project/dpressed/app/controllers/application_controller.rb": [
        1,
        null
      ],
      "/Users/erik/project/dpressed/app/helpers/application_helper.rb": [
        1,
        null
      ],
      "/Users/erik/project/dpressed/app/models/article.rb": [
        1,
        1,
        null
      ],
      "/Users/erik/project/dpressed/app/models/application_record.rb": [
        1,
        1,
        null
      ],
      "/Users/erik/project/dpressed/app/mailers/application_mailer.rb": [
        0,
        0,
        0,
        0
      ],
      "/Users/erik/project/dpressed/app/jobs/application_job.rb": [
        0,
        0
      ],
      "/Users/erik/project/dpressed/app/channels/application_cable/connection.rb": [
        0,
        0,
        0,
        0
      ],
      "/Users/erik/project/dpressed/app/channels/application_cable/channel.rb": [
        0,
        0,
        0,
        0
      ]
    },
    "timestamp": 1534428378
  }
}
